<?xml version="1.0" encoding="UTF-8"?>
<!-- Generated by org.testng.reporters.JUnitXMLReporter -->
<testsuite hostname="LAPTOP-CL7U3OFA" ignored="0" name="Default test" tests="5" failures="0" timestamp="04 May 2020 16:03:46 GMT" time="66.405" errors="0">
  <testcase name="logindatatest" time="1.567" classname="pages.Datatest"/>
  <testcase name="logindatatest" time="1.004" classname="pages.Datatest"/>
  <testcase name="logindatatest" time="2.288" classname="pages.Datatest"/>
  <testcase name="logindatatest" time="0.99" classname="pages.Datatest"/>
  <testcase name="logindatatest" time="0.913" classname="pages.Datatest"/>
</testsuite> <!-- Default test -->
